mktextfm pplr8t
mktextfm pplb8t
mktextfm pplr8t
mktextfm pplb8t
mktextfm pplr8c
mktextfm pplr8t
mktextfm pplb8t
mktextfm pplr8t
mktextfm pplr7t
mktextfm pplr7t
mktextfm zplmr7m
mktextfm zplmr7m
mktextfm zplmr7y
mktextfm zplmr7y
mktextfm zplmr7v
mktextfm zplmr7v
mktextfm zplmr7t
mktextfm zplmr7t
mktextfm rsfs5
mktextfm rsfs5
mktextfm pplr7t
mktextfm pplr7t
mktextfm zplmr7m
mktextfm zplmr7m
mktextfm zplmr7y
mktextfm zplmr7y
mktextfm zplmr7v
mktextfm zplmr7v
mktextfm zplmr7t
mktextfm zplmr7t
mktextfm rsfs10
mktextfm rsfs10
